Determining if the pthread_create exist failed with the following output:
Change Dir: /run/media/netpipe/df7f53ef-2a98-4562-a498-7da578dab660/games/Luna/emscripten-projects/rhubarb-lip-sync/CMakeFiles/CMakeTmp

Run Build Command:"/usr/bin/gmake" "cmTC_62020/fast"
/usr/bin/gmake -f CMakeFiles/cmTC_62020.dir/build.make CMakeFiles/cmTC_62020.dir/build
gmake[1]: Entering directory '/run/media/netpipe/df7f53ef-2a98-4562-a498-7da578dab660/games/Luna/emscripten-projects/rhubarb-lip-sync/CMakeFiles/CMakeTmp'
Building C object CMakeFiles/cmTC_62020.dir/CheckSymbolExists.c.o
/usr/bin/cc    -o CMakeFiles/cmTC_62020.dir/CheckSymbolExists.c.o   -c /run/media/netpipe/df7f53ef-2a98-4562-a498-7da578dab660/games/Luna/emscripten-projects/rhubarb-lip-sync/CMakeFiles/CMakeTmp/CheckSymbolExists.c
Linking C executable cmTC_62020
/usr/bin/cmake -E cmake_link_script CMakeFiles/cmTC_62020.dir/link.txt --verbose=1
/usr/bin/cc      -rdynamic CMakeFiles/cmTC_62020.dir/CheckSymbolExists.c.o  -o cmTC_62020 
/usr/lib64/gcc/x86_64-suse-linux/7/../../../../x86_64-suse-linux/bin/ld: CMakeFiles/cmTC_62020.dir/CheckSymbolExists.c.o: in function `main':
CheckSymbolExists.c:(.text+0x16): undefined reference to `pthread_create'
collect2: error: ld returned 1 exit status
gmake[1]: *** [CMakeFiles/cmTC_62020.dir/build.make:98: cmTC_62020] Error 1
gmake[1]: Leaving directory '/run/media/netpipe/df7f53ef-2a98-4562-a498-7da578dab660/games/Luna/emscripten-projects/rhubarb-lip-sync/CMakeFiles/CMakeTmp'
gmake: *** [Makefile:126: cmTC_62020/fast] Error 2

File /run/media/netpipe/df7f53ef-2a98-4562-a498-7da578dab660/games/Luna/emscripten-projects/rhubarb-lip-sync/CMakeFiles/CMakeTmp/CheckSymbolExists.c:
/* */
#include <pthread.h>

int main(int argc, char** argv)
{
  (void)argv;
#ifndef pthread_create
  return ((int*)(&pthread_create))[argc];
#else
  (void)argc;
  return 0;
#endif
}

Determining if the function pthread_create exists in the pthreads failed with the following output:
Change Dir: /run/media/netpipe/df7f53ef-2a98-4562-a498-7da578dab660/games/Luna/emscripten-projects/rhubarb-lip-sync/CMakeFiles/CMakeTmp

Run Build Command:"/usr/bin/gmake" "cmTC_6732d/fast"
/usr/bin/gmake -f CMakeFiles/cmTC_6732d.dir/build.make CMakeFiles/cmTC_6732d.dir/build
gmake[1]: Entering directory '/run/media/netpipe/df7f53ef-2a98-4562-a498-7da578dab660/games/Luna/emscripten-projects/rhubarb-lip-sync/CMakeFiles/CMakeTmp'
Building C object CMakeFiles/cmTC_6732d.dir/CheckFunctionExists.c.o
/usr/bin/cc   -DCHECK_FUNCTION_EXISTS=pthread_create   -o CMakeFiles/cmTC_6732d.dir/CheckFunctionExists.c.o   -c /usr/share/cmake/Modules/CheckFunctionExists.c
Linking C executable cmTC_6732d
/usr/bin/cmake -E cmake_link_script CMakeFiles/cmTC_6732d.dir/link.txt --verbose=1
/usr/bin/cc  -DCHECK_FUNCTION_EXISTS=pthread_create    -rdynamic CMakeFiles/cmTC_6732d.dir/CheckFunctionExists.c.o  -o cmTC_6732d -lpthreads 
/usr/lib64/gcc/x86_64-suse-linux/7/../../../../x86_64-suse-linux/bin/ld: cannot find -lpthreads
collect2: error: ld returned 1 exit status
gmake[1]: *** [CMakeFiles/cmTC_6732d.dir/build.make:98: cmTC_6732d] Error 1
gmake[1]: Leaving directory '/run/media/netpipe/df7f53ef-2a98-4562-a498-7da578dab660/games/Luna/emscripten-projects/rhubarb-lip-sync/CMakeFiles/CMakeTmp'
gmake: *** [Makefile:126: cmTC_6732d/fast] Error 2


